SF:lib/data/models/movies/movies_response.dart
DA:5,3
DA:11,4
DA:12,2
DA:13,8
DA:16,2
DA:17,5
DA:20,1
DA:21,2
LF:8
LH:8
end_of_record
SF:lib/data/models/movies/movies_result_model.dart
DA:5,5
DA:23,2
DA:24,2
DA:25,2
DA:26,2
DA:27,2
DA:28,2
DA:29,2
DA:30,2
DA:31,4
DA:34,2
DA:35,1
DA:36,1
DA:37,1
DA:38,1
DA:39,1
DA:40,1
DA:41,1
DA:44,2
DA:45,2
DA:46,2
DA:47,2
DA:48,2
DA:49,2
DA:50,2
DA:51,2
DA:55,2
DA:56,2
DA:57,2
DA:58,2
DA:59,2
DA:60,2
DA:61,2
DA:62,2
DA:63,2
LF:35
LH:35
end_of_record
SF:lib/domain/entities/movies/movies.dart
DA:4,18
DA:13,10
DA:29,2
DA:30,2
DA:31,2
DA:32,2
DA:33,2
DA:34,2
DA:35,2
DA:36,2
LF:10
LH:10
end_of_record
SF:lib/data/models/movies/movies_table.dart
DA:6,13
DA:20,4
DA:21,2
DA:22,2
DA:23,2
DA:24,4
DA:25,2
DA:28,2
DA:29,1
DA:30,1
DA:31,1
DA:32,1
DA:33,1
DA:36,2
DA:37,1
DA:38,1
DA:39,1
DA:40,1
DA:41,1
DA:44,2
DA:45,1
DA:46,1
DA:47,1
DA:48,1
DA:49,1
DA:52,3
DA:53,3
DA:54,3
DA:55,3
DA:56,3
DA:57,3
DA:58,3
LF:32
LH:32
end_of_record
SF:lib/domain/entities/movies/movies_detail.dart
DA:5,10
DA:25,1
DA:26,1
DA:27,1
DA:28,1
DA:29,1
DA:30,1
DA:31,1
DA:32,1
DA:33,1
DA:34,1
LF:11
LH:11
end_of_record
SF:lib/domain/entities/genre.dart
DA:4,21
DA:12,2
DA:13,6
LF:3
LH:3
end_of_record
SF:lib/data/models/genre_model.dart
DA:5,8
DA:13,8
DA:14,4
DA:15,4
DA:18,4
DA:19,2
DA:20,2
DA:23,2
DA:24,2
DA:25,2
DA:26,2
DA:30,4
DA:31,12
LF:13
LH:13
end_of_record
SF:lib/data/models/movies/movie_detail_response.dart
DA:6,4
DA:26,2
DA:27,2
DA:28,2
DA:29,8
DA:30,2
DA:31,2
DA:32,2
DA:33,2
DA:34,2
DA:35,2
DA:36,4
DA:39,2
DA:40,5
DA:41,1
DA:42,1
DA:43,1
DA:44,1
DA:45,1
DA:46,1
DA:47,1
DA:50,1
DA:51,1
DA:52,5
DA:53,1
DA:54,1
DA:55,1
DA:56,1
DA:57,1
DA:58,1
DA:59,1
DA:63,2
DA:64,2
DA:65,2
DA:66,2
DA:67,2
DA:68,2
DA:69,2
DA:70,2
DA:71,2
DA:72,2
LF:41
LH:41
end_of_record
SF:lib/data/models/tv/tv_result_model.dart
DA:5,5
DA:23,4
DA:24,2
DA:25,2
DA:26,2
DA:27,2
DA:28,2
DA:29,2
DA:30,4
DA:33,2
DA:34,1
DA:35,1
DA:36,1
DA:37,1
DA:38,1
DA:39,1
DA:40,1
DA:43,2
DA:44,2
DA:45,2
DA:46,2
DA:47,2
DA:48,2
DA:49,2
DA:50,2
DA:54,2
DA:55,2
DA:56,2
DA:57,2
DA:58,2
DA:59,2
DA:60,2
DA:61,2
DA:62,2
LF:34
LH:34
end_of_record
SF:lib/domain/entities/tv/tv.dart
DA:4,19
DA:13,11
DA:29,2
DA:30,2
DA:31,2
DA:32,2
DA:33,2
DA:34,2
DA:35,2
DA:36,2
LF:10
LH:10
end_of_record
SF:lib/data/models/tv/tv_detail_response.dart
DA:7,4
DA:29,2
DA:30,2
DA:31,2
DA:32,8
DA:33,2
DA:34,2
DA:35,2
DA:36,2
DA:37,8
DA:38,2
DA:39,4
DA:40,2
DA:41,8
DA:44,2
DA:45,5
DA:46,1
DA:47,1
DA:48,1
DA:49,1
DA:50,4
DA:51,1
DA:52,1
DA:53,5
DA:56,1
DA:57,1
DA:58,5
DA:59,1
DA:60,1
DA:61,1
DA:62,1
DA:63,1
DA:64,1
DA:65,1
DA:66,5
DA:70,2
DA:71,2
DA:72,2
DA:73,2
DA:74,2
DA:75,2
DA:76,2
DA:77,2
DA:78,2
DA:79,2
DA:80,2
LF:46
LH:46
end_of_record
SF:lib/data/models/tv/tv_season_model.dart
DA:5,4
DA:21,4
DA:22,2
DA:23,2
DA:24,2
DA:25,2
DA:26,2
DA:27,2
DA:30,2
DA:31,1
DA:32,1
DA:33,1
DA:34,1
DA:35,1
DA:36,1
DA:39,1
DA:40,1
DA:41,1
DA:42,1
DA:43,1
DA:44,1
DA:45,1
DA:46,1
DA:50,2
DA:51,2
DA:52,2
DA:53,2
DA:54,2
DA:55,2
DA:56,2
DA:57,2
LF:31
LH:31
end_of_record
SF:lib/domain/entities/tv/tv_detail.dart
DA:6,11
DA:28,1
DA:29,1
DA:30,1
DA:31,1
DA:32,1
DA:33,1
DA:34,1
DA:35,1
DA:36,1
DA:37,1
DA:38,1
LF:12
LH:12
end_of_record
SF:lib/domain/entities/tv/tv_season.dart
DA:4,11
DA:20,1
DA:21,1
DA:22,1
DA:23,1
DA:24,1
DA:25,1
DA:26,1
DA:27,1
LF:9
LH:9
end_of_record
SF:lib/data/models/tv/tv_response.dart
DA:5,3
DA:11,4
DA:12,2
DA:13,8
DA:16,2
DA:17,5
DA:20,1
DA:21,2
LF:8
LH:8
end_of_record
SF:lib/common/exception.dart
DA:6,4
LF:1
LH:1
end_of_record
SF:lib/data/datasources/movies/movies_local_data_source.dart
DA:15,1
DA:17,1
DA:20,2
DA:23,2
DA:27,1
DA:30,2
DA:33,2
DA:37,1
DA:39,2
DA:41,1
DA:47,1
DA:49,2
DA:50,4
LF:13
LH:13
end_of_record
SF:lib/common/failure.dart
DA:6,18
DA:8,2
DA:9,4
DA:13,14
DA:17,4
DA:21,10
LF:6
LH:6
end_of_record
SF:lib/data/datasources/db/db_helper.dart
DA:8,0
DA:12,0
DA:16,0
DA:17,0
DA:24,0
DA:25,0
DA:26,0
DA:28,0
DA:32,0
DA:33,0
DA:41,0
DA:43,0
DA:51,0
DA:54,0
DA:55,0
DA:56,0
DA:59,0
DA:60,0
DA:61,0
DA:64,0
DA:68,0
DA:69,0
DA:70,0
DA:73,0
DA:76,0
DA:77,0
DA:83,0
DA:84,0
DA:86,0
DA:91,0
DA:92,0
DA:93,0
DA:96,0
DA:97,0
DA:98,0
DA:101,0
DA:105,0
DA:106,0
DA:107,0
DA:110,0
DA:113,0
DA:114,0
DA:120,0
DA:121,0
DA:122,0
LF:45
LH:0
end_of_record
SF:lib/data/datasources/movies/movies_remote_data_source.dart
DA:21,1
DA:23,1
DA:26,4
DA:28,2
DA:29,4
DA:31,1
DA:35,1
DA:37,4
DA:39,2
DA:40,3
DA:42,1
DA:46,1
DA:48,1
DA:49,3
DA:51,2
DA:52,4
DA:54,1
DA:58,1
DA:61,4
DA:63,2
DA:64,4
DA:66,1
DA:70,1
DA:73,4
DA:75,2
DA:76,4
DA:78,1
DA:82,1
DA:84,1
DA:85,3
DA:87,2
DA:88,4
DA:90,1
LF:33
LH:33
end_of_record
SF:lib/data/models/tv/tv_table.dart
DA:6,12
DA:20,2
DA:21,1
DA:22,1
DA:23,1
DA:24,2
DA:25,1
DA:28,2
DA:29,1
DA:30,1
DA:31,1
DA:32,1
DA:33,1
DA:36,0
DA:37,0
DA:38,0
DA:39,0
DA:40,0
DA:41,0
DA:44,2
DA:45,1
DA:46,1
DA:47,1
DA:48,1
DA:49,1
DA:52,2
DA:53,2
DA:54,2
DA:55,2
DA:56,2
DA:57,2
DA:58,2
LF:32
LH:26
end_of_record
SF:lib/common/constants.dart
DA:31,18
DA:32,6
DA:35,6
DA:37,6
DA:40,6
DA:42,6
DA:46,6
DA:51,6
DA:55,6
DA:60,6
DA:65,6
DA:70,6
DA:75,6
DA:80,6
DA:85,6
DA:90,6
LF:16
LH:16
end_of_record
SF:lib/data/datasources/tv/tv_local_data_source.dart
DA:15,1
DA:17,1
DA:20,2
DA:23,2
DA:27,1
DA:30,2
DA:33,2
DA:37,1
DA:39,2
DA:41,1
DA:47,1
DA:49,2
DA:50,4
LF:13
LH:13
end_of_record
SF:lib/domain/entities/tv/tv_episode.dart
DA:4,10
DA:26,0
DA:27,0
DA:28,0
DA:29,0
DA:30,0
DA:31,0
DA:32,0
DA:33,0
DA:34,0
DA:35,0
DA:36,0
LF:12
LH:1
end_of_record
SF:lib/domain/entities/tv/tv_season_detail.dart
DA:5,10
DA:17,0
DA:18,0
DA:19,0
DA:20,0
DA:21,0
DA:22,0
LF:7
LH:1
end_of_record
SF:lib/data/datasources/tv/tv_remote_data_source.dart
DA:23,1
DA:25,1
DA:28,4
DA:30,2
DA:31,4
DA:33,1
DA:37,1
DA:39,4
DA:41,2
DA:42,3
DA:44,1
DA:48,1
DA:51,4
DA:53,2
DA:54,4
DA:56,1
DA:60,1
DA:62,4
DA:64,2
DA:65,4
DA:67,1
DA:71,1
DA:74,4
DA:76,2
DA:77,4
DA:79,1
DA:83,1
DA:86,4
DA:88,2
DA:89,4
DA:91,1
DA:95,1
DA:98,1
DA:99,3
DA:101,2
DA:102,3
DA:104,1
LF:37
LH:37
end_of_record
SF:lib/data/models/tv/tv_season_detail_response.dart
DA:6,1
DA:18,1
DA:19,1
DA:20,1
DA:21,1
DA:22,1
DA:23,1
DA:24,4
DA:27,0
DA:28,0
DA:29,0
DA:30,0
DA:31,0
DA:34,0
DA:35,0
DA:36,0
DA:37,0
DA:38,0
DA:39,0
DA:43,1
DA:44,1
DA:45,1
DA:46,1
DA:47,1
DA:48,1
LF:25
LH:14
end_of_record
SF:lib/data/models/tv/tv_episode_model.dart
DA:5,1
DA:27,2
DA:28,1
DA:29,1
DA:30,1
DA:31,1
DA:32,1
DA:33,1
DA:34,2
DA:35,1
DA:36,1
DA:39,0
DA:40,0
DA:41,0
DA:42,0
DA:43,0
DA:44,0
DA:45,0
DA:46,0
DA:47,0
DA:48,0
DA:51,0
DA:52,0
DA:53,0
DA:54,0
DA:55,0
DA:56,0
DA:57,0
DA:58,0
DA:59,0
DA:60,0
DA:61,0
DA:65,1
DA:66,1
DA:67,1
DA:68,1
DA:69,1
DA:70,1
DA:71,1
DA:72,1
DA:73,1
DA:74,1
DA:75,1
LF:43
LH:22
end_of_record
SF:lib/data/repositories/movies_repository_impl.dart
DA:16,1
DA:21,1
DA:24,2
DA:25,5
DA:26,1
DA:28,1
DA:33,1
DA:36,2
DA:37,2
DA:38,1
DA:40,1
DA:45,1
DA:48,2
DA:49,3
DA:50,1
DA:52,1
DA:57,1
DA:60,2
DA:61,5
DA:62,1
DA:64,1
DA:69,1
DA:72,2
DA:73,5
DA:74,1
DA:76,1
DA:81,1
DA:84,2
DA:85,5
DA:86,1
DA:88,1
DA:93,1
DA:96,1
DA:97,2
DA:98,1
DA:99,1
DA:100,3
DA:106,1
DA:110,1
DA:111,2
DA:112,1
DA:113,1
DA:114,3
DA:118,1
DA:120,2
DA:124,1
DA:126,2
DA:127,5
LF:48
LH:48
end_of_record
SF:lib/data/repositories/tv_repository_impl.dart
DA:17,1
DA:22,1
DA:25,2
DA:26,5
DA:27,1
DA:29,1
DA:34,1
DA:37,2
DA:38,2
DA:39,1
DA:41,1
DA:46,1
DA:49,2
DA:50,3
DA:51,1
DA:53,1
DA:58,1
DA:61,2
DA:62,5
DA:63,1
DA:65,1
DA:70,1
DA:73,2
DA:74,5
DA:75,1
DA:77,1
DA:82,1
DA:85,2
DA:86,5
DA:87,1
DA:89,1
DA:94,1
DA:98,3
DA:99,1
DA:100,1
DA:101,3
DA:107,1
DA:111,3
DA:112,1
DA:113,1
DA:114,3
DA:118,1
DA:120,2
DA:124,1
DA:126,2
DA:127,5
DA:130,0
DA:134,0
DA:135,0
DA:136,0
DA:138,0
LF:51
LH:46
end_of_record
SF:lib/presentation/pages/movies/top_rated_movies_page.dart
DA:15,1
DA:17,1
DA:19,2
DA:20,1
DA:21,1
DA:23,1
DA:24,1
DA:25,1
DA:29,1
DA:30,1
DA:32,1
DA:34,3
DA:42,1
DA:43,1
DA:44,1
DA:45,1
DA:47,1
DA:48,1
DA:50,1
DA:54,1
DA:55,1
DA:57,1
DA:61,1
DA:70,1
DA:74,1
DA:82,1
DA:83,0
DA:84,0
DA:85,0
DA:86,0
DA:87,0
DA:88,0
DA:89,0
DA:90,0
DA:91,0
DA:94,0
LF:36
LH:26
end_of_record
SF:lib/presentation/provider/movies/top_rated_movies_provider.dart
DA:9,1
DA:12,2
DA:15,2
DA:18,2
DA:20,1
DA:21,1
DA:22,1
DA:24,2
DA:26,1
DA:27,1
DA:28,2
DA:29,1
DA:30,1
DA:32,1
DA:33,1
DA:34,1
DA:35,1
LF:17
LH:17
end_of_record
SF:lib/domain/usecases/movies/get_top_rated_movies.dart
DA:9,1
DA:11,1
DA:12,2
LF:3
LH:3
end_of_record
SF:lib/common/show_duration.dart
DA:1,2
DA:2,2
DA:3,2
DA:5,2
DA:6,2
DA:8,0
LF:6
LH:5
end_of_record
SF:lib/domain/usecases/movies/get_movie_detail.dart
DA:9,1
DA:11,1
DA:12,2
LF:3
LH:3
end_of_record
SF:lib/domain/usecases/movies/get_movie_recommendations.dart
DA:9,1
DA:11,1
DA:12,2
LF:3
LH:3
end_of_record
SF:lib/domain/usecases/movies/get_watchlist_status_movie.dart
DA:6,1
DA:8,1
DA:9,2
LF:3
LH:3
end_of_record
SF:lib/domain/usecases/movies/remove_watchlist_movie.dart
DA:9,1
DA:11,1
DA:12,2
LF:3
LH:3
end_of_record
SF:lib/domain/usecases/movies/save_watchlist_movie.dart
DA:9,1
DA:11,1
DA:12,2
LF:3
LH:3
end_of_record
SF:lib/presentation/pages/movies/movie_detail_page.dart
DA:23,1
DA:28,1
DA:30,2
DA:31,1
DA:32,2
DA:33,1
DA:34,2
DA:37,1
DA:38,1
DA:39,1
DA:40,1
DA:42,1
DA:43,1
DA:45,1
DA:49,1
DA:50,1
DA:52,1
DA:56,1
DA:66,1
DA:70,1
DA:71,1
DA:72,1
DA:73,1
DA:75,1
DA:76,1
DA:78,1
DA:79,2
DA:80,1
DA:84,1
DA:85,2
DA:86,1
DA:98,0
DA:99,0
DA:101,0
DA:109,0
DA:112,0
DA:113,0
DA:116,0
DA:118,0
DA:123,1
DA:137,1
DA:139,1
DA:140,1
DA:141,1
DA:142,3
DA:143,3
DA:150,1
DA:151,1
DA:152,3
DA:160,1
DA:161,2
DA:163,1
DA:173,1
DA:174,2
DA:175,3
DA:184,1
DA:186,1
DA:188,1
DA:189,1
DA:192,3
DA:193,1
DA:194,1
DA:195,1
DA:202,1
DA:203,1
DA:204,3
DA:209,1
DA:214,1
DA:216,3
DA:224,2
DA:225,1
DA:226,1
DA:231,3
DA:234,3
DA:237,3
DA:245,1
DA:249,1
DA:250,1
DA:255,1
DA:256,1
DA:258,1
DA:260,1
DA:261,1
DA:263,1
DA:265,3
DA:274,1
DA:275,1
DA:276,1
DA:278,1
DA:279,1
DA:281,1
DA:285,0
DA:286,0
DA:288,0
DA:291,0
DA:303,1
DA:307,1
DA:308,0
DA:310,0
DA:312,0
DA:313,0
DA:314,0
DA:316,0
DA:317,0
DA:318,0
DA:319,0
DA:321,0
DA:322,0
DA:323,0
DA:324,0
DA:325,0
DA:326,0
DA:327,0
DA:328,0
DA:331,0
DA:336,0
DA:342,1
DA:343,1
DA:346,1
DA:347,0
DA:348,0
DA:350,1
DA:351,1
DA:365,1
DA:366,1
DA:369,1
DA:370,1
DA:371,1
DA:372,1
DA:373,0
DA:374,0
DA:377,0
DA:378,0
DA:381,0
DA:383,0
DA:385,0
DA:388,0
DA:389,0
DA:391,0
DA:393,0
DA:400,0
DA:402,0
DA:403,0
DA:404,0
DA:406,0
DA:414,0
DA:415,0
DA:417,0
DA:418,0
DA:419,0
DA:421,0
DA:430,1
DA:431,1
DA:442,1
DA:444,1
DA:445,1
DA:448,4
DA:449,1
DA:452,1
DA:454,1
DA:456,1
DA:459,2
DA:460,1
DA:462,1
DA:464,3
DA:471,1
DA:473,1
DA:474,1
DA:475,1
DA:477,3
DA:485,1
DA:486,0
DA:488,0
DA:489,0
DA:490,0
DA:492,0
DA:501,1
DA:502,1
LF:178
LH:118
end_of_record
SF:lib/presentation/provider/movies/movies_detail_provider.dart
DA:22,1
DA:31,2
DA:34,2
DA:37,2
DA:40,2
DA:43,2
DA:46,2
DA:48,1
DA:49,1
DA:50,1
DA:51,2
DA:52,2
DA:53,1
DA:54,1
DA:55,1
DA:56,2
DA:57,1
DA:59,1
DA:60,1
DA:61,1
DA:62,1
DA:63,1
DA:64,1
DA:65,1
DA:66,2
DA:68,1
DA:69,1
DA:70,1
DA:73,1
DA:74,1
DA:80,2
DA:82,1
DA:83,2
DA:85,1
DA:86,1
DA:87,2
DA:89,1
DA:90,1
DA:94,2
DA:97,1
DA:98,2
DA:100,1
DA:101,0
DA:102,0
DA:104,1
DA:105,1
DA:109,2
DA:112,1
DA:113,2
DA:114,1
DA:115,1
LF:51
LH:49
end_of_record
SF:lib/presentation/widgets/card_recommendation_widget.dart
DA:13,0
DA:23,0
DA:25,0
DA:26,0
DA:27,0
DA:28,0
DA:29,0
DA:30,0
DA:33,0
DA:34,0
DA:37,0
DA:41,0
DA:42,0
DA:43,0
DA:55,0
DA:56,0
DA:58,0
DA:67,0
DA:70,0
DA:71,0
DA:74,0
DA:76,0
DA:84,0
DA:86,0
DA:88,0
DA:89,0
DA:90,0
DA:91,0
DA:101,0
DA:102,0
DA:103,0
LF:31
LH:0
end_of_record
SF:lib/presentation/widgets/data_not_available_widget.dart
DA:5,55
DA:7,2
DA:9,2
DA:10,2
DA:12,6
LF:5
LH:5
end_of_record
SF:lib/presentation/widgets/error_custom_widget.dart
DA:7,6
DA:12,6
DA:14,6
DA:15,6
DA:16,6
DA:17,18
LF:6
LH:6
end_of_record
SF:lib/presentation/widgets/loading_custom_widget.dart
DA:5,136
DA:7,6
LF:2
LH:2
end_of_record
SF:lib/presentation/widgets/card_grid_widget.dart
DA:14,0
DA:24,0
DA:26,0
DA:27,0
DA:28,0
DA:30,0
DA:31,0
DA:34,0
DA:36,0
DA:38,0
DA:39,0
DA:40,0
DA:43,0
DA:44,0
DA:47,0
DA:51,0
DA:52,0
DA:53,0
DA:65,0
DA:66,0
DA:68,0
DA:77,0
DA:80,0
DA:81,0
DA:84,0
DA:86,0
DA:94,0
DA:95,0
DA:96,0
DA:106,0
DA:107,0
DA:108,0
DA:115,0
DA:116,0
DA:117,0
DA:120,0
DA:125,0
DA:127,0
DA:136,0
DA:137,0
DA:138,0
LF:41
LH:0
end_of_record
SF:lib/presentation/pages/movies/popular_movies_page.dart
DA:15,1
DA:17,1
DA:19,2
DA:20,1
DA:21,1
DA:23,1
DA:24,1
DA:25,1
DA:29,1
DA:30,1
DA:32,1
DA:34,3
DA:42,1
DA:43,1
DA:44,1
DA:45,1
DA:47,1
DA:48,1
DA:50,1
DA:54,1
DA:55,1
DA:57,1
DA:61,1
DA:70,1
DA:74,1
DA:82,1
DA:83,0
DA:84,0
DA:85,0
DA:86,0
DA:87,0
DA:88,0
DA:89,0
DA:90,0
DA:91,0
DA:94,0
LF:36
LH:26
end_of_record
SF:lib/presentation/provider/movies/popular_movies_provider.dart
DA:9,1
DA:12,2
DA:15,2
DA:18,2
DA:20,1
DA:21,1
DA:22,1
DA:24,2
DA:26,1
DA:27,1
DA:28,2
DA:29,1
DA:30,1
DA:32,1
DA:33,1
DA:34,1
DA:35,1
LF:17
LH:17
end_of_record
SF:lib/domain/usecases/movies/get_popular_movies.dart
DA:9,1
DA:11,1
DA:12,2
LF:3
LH:3
end_of_record
SF:lib/presentation/pages/tv/top_rated_tv_page.dart
DA:15,1
DA:17,1
DA:19,2
DA:20,1
DA:21,1
DA:23,1
DA:24,1
DA:25,1
DA:29,1
DA:30,1
DA:32,1
DA:34,3
DA:42,1
DA:43,1
DA:44,1
DA:45,1
DA:47,1
DA:48,1
DA:50,1
DA:54,1
DA:55,1
DA:57,1
DA:61,1
DA:70,1
DA:74,1
DA:82,1
DA:83,0
DA:84,0
DA:85,0
DA:86,0
DA:87,0
DA:88,0
DA:89,0
DA:90,0
DA:91,0
DA:94,0
LF:36
LH:26
end_of_record
SF:lib/presentation/provider/tv/top_rated_tv_provider.dart
DA:9,1
DA:12,2
DA:15,2
DA:18,2
DA:20,1
DA:21,1
DA:22,1
DA:24,2
DA:26,1
DA:27,1
DA:28,2
DA:29,1
DA:30,1
DA:32,1
DA:33,1
DA:34,1
DA:35,1
LF:17
LH:17
end_of_record
SF:lib/domain/usecases/tv/get_top_rated_tv.dart
DA:9,1
DA:11,1
DA:12,2
LF:3
LH:3
end_of_record
SF:lib/domain/usecases/tv/get_tv_detail.dart
DA:9,1
DA:11,1
DA:12,2
LF:3
LH:3
end_of_record
SF:lib/domain/usecases/tv/get_tv_recommendations.dart
DA:9,1
DA:11,1
DA:12,2
LF:3
LH:3
end_of_record
SF:lib/domain/usecases/tv/get_tv_season_detail.dart
DA:9,1
DA:11,1
DA:12,2
LF:3
LH:3
end_of_record
SF:lib/domain/usecases/tv/get_watchlist_status_tv.dart
DA:6,1
DA:8,1
DA:9,2
LF:3
LH:3
end_of_record
SF:lib/domain/usecases/tv/remove_watchlist_tv.dart
DA:9,1
DA:11,1
DA:12,2
LF:3
LH:3
end_of_record
SF:lib/domain/usecases/tv/save_watchlist_tv.dart
DA:9,1
DA:11,1
DA:12,2
LF:3
LH:3
end_of_record
SF:lib/presentation/pages/tv/tv_detail_page.dart
DA:25,1
DA:30,1
DA:32,2
DA:33,3
DA:34,1
DA:35,2
DA:38,1
DA:39,1
DA:40,1
DA:41,1
DA:43,1
DA:44,1
DA:46,1
DA:50,1
DA:51,1
DA:53,1
DA:57,1
DA:67,1
DA:71,1
DA:72,1
DA:73,1
DA:74,1
DA:76,1
DA:77,1
DA:79,1
DA:80,2
DA:81,1
DA:85,1
DA:86,2
DA:87,1
DA:99,0
DA:100,0
DA:102,0
DA:110,0
DA:113,0
DA:114,0
DA:117,0
DA:119,0
DA:124,1
DA:138,1
DA:140,1
DA:141,1
DA:142,1
DA:143,3
DA:144,3
DA:151,1
DA:152,1
DA:153,3
DA:161,1
DA:162,2
DA:164,1
DA:174,1
DA:175,3
DA:176,2
DA:178,3
DA:187,1
DA:189,1
DA:191,1
DA:192,1
DA:195,3
DA:196,1
DA:197,1
DA:198,1
DA:205,1
DA:206,1
DA:207,3
DA:212,1
DA:217,1
DA:219,3
DA:227,2
DA:228,1
DA:229,1
DA:234,3
DA:237,3
DA:240,3
DA:248,1
DA:249,1
DA:253,1
DA:254,1
DA:259,1
DA:260,1
DA:262,1
DA:264,1
DA:265,1
DA:267,1
DA:269,3
DA:278,1
DA:279,1
DA:280,1
DA:282,1
DA:283,1
DA:285,1
DA:289,0
DA:290,0
DA:292,0
DA:296,0
DA:308,1
DA:312,2
DA:313,1
DA:315,1
DA:317,3
DA:318,2
DA:319,2
DA:321,1
DA:322,1
DA:323,1
DA:324,2
DA:326,1
DA:327,1
DA:328,1
DA:329,1
DA:330,1
DA:331,1
DA:332,1
DA:333,0
DA:334,0
DA:337,0
DA:338,0
DA:339,0
DA:340,0
DA:346,1
DA:352,1
DA:353,1
DA:355,1
DA:357,1
DA:358,1
DA:360,1
DA:362,3
DA:371,1
DA:372,1
DA:373,1
DA:375,1
DA:376,1
DA:378,1
DA:382,0
DA:383,0
DA:384,0
DA:388,0
DA:400,1
DA:404,1
DA:405,0
DA:407,0
DA:409,0
DA:410,0
DA:411,0
DA:413,0
DA:414,0
DA:415,0
DA:416,0
DA:418,0
DA:419,0
DA:420,0
DA:421,0
DA:422,0
DA:423,0
DA:424,0
DA:425,0
DA:428,0
DA:433,0
DA:439,1
DA:440,1
DA:443,1
DA:444,0
DA:445,0
DA:447,1
DA:448,1
DA:462,1
DA:463,1
DA:466,1
DA:467,1
DA:468,1
DA:469,1
DA:470,0
DA:471,0
DA:474,0
DA:475,0
DA:478,0
DA:480,0
DA:482,0
DA:484,0
DA:485,0
DA:487,0
DA:489,0
DA:496,0
DA:498,0
DA:499,0
DA:500,0
DA:502,0
DA:510,0
DA:511,0
DA:513,0
DA:514,0
DA:515,0
DA:517,0
DA:526,1
DA:527,1
DA:538,1
DA:540,1
DA:541,1
DA:544,4
DA:545,1
DA:548,1
DA:550,1
DA:552,1
DA:554,2
DA:555,1
DA:557,1
DA:559,3
DA:566,1
DA:568,1
DA:569,1
DA:570,1
DA:572,3
DA:580,1
DA:581,0
DA:583,0
DA:584,0
DA:585,0
DA:587,0
DA:596,1
DA:597,1
LF:221
LH:151
end_of_record
SF:lib/presentation/pages/tv/tv_season_detail_page.dart
DA:16,0
DA:28,0
DA:33,0
DA:35,0
DA:36,0
DA:37,0
DA:39,0
DA:40,0
DA:41,0
DA:45,0
DA:46,0
DA:48,0
DA:49,0
DA:50,0
DA:58,0
DA:59,0
DA:60,0
DA:61,0
DA:63,0
DA:64,0
DA:66,0
DA:70,0
DA:71,0
DA:73,0
DA:77,0
DA:86,0
DA:90,0
DA:92,0
DA:93,0
DA:94,0
DA:95,0
DA:96,0
DA:97,0
DA:98,0
DA:99,0
DA:100,0
DA:101,0
DA:102,0
DA:103,0
LF:39
LH:0
end_of_record
SF:lib/presentation/provider/tv/tv_detail_provider.dart
DA:22,1
DA:31,2
DA:34,2
DA:37,2
DA:40,2
DA:43,2
DA:46,2
DA:48,1
DA:49,1
DA:50,1
DA:51,2
DA:52,2
DA:53,1
DA:54,1
DA:55,1
DA:56,2
DA:57,1
DA:59,1
DA:60,1
DA:61,1
DA:62,1
DA:63,1
DA:64,1
DA:65,1
DA:66,2
DA:68,1
DA:69,1
DA:70,1
DA:73,1
DA:74,1
DA:80,2
DA:82,1
DA:83,2
DA:85,1
DA:86,1
DA:87,2
DA:89,1
DA:90,1
DA:94,2
DA:97,1
DA:98,2
DA:100,1
DA:101,0
DA:102,0
DA:104,1
DA:105,1
DA:109,2
DA:112,1
DA:113,2
DA:114,1
DA:115,1
LF:51
LH:49
end_of_record
SF:lib/presentation/widgets/card_season_widget.dart
DA:14,1
DA:25,1
DA:27,1
DA:28,1
DA:29,1
DA:30,1
DA:31,1
DA:32,1
DA:34,1
DA:35,1
DA:36,2
DA:37,1
DA:47,1
DA:52,1
DA:53,2
DA:54,1
DA:66,0
DA:67,0
DA:69,0
DA:78,0
DA:88,0
DA:90,0
DA:98,1
DA:100,1
DA:102,1
DA:103,1
DA:104,1
DA:105,3
DA:115,1
DA:116,3
DA:117,3
DA:124,1
DA:125,2
DA:126,3
LF:34
LH:28
end_of_record
SF:lib/presentation/provider/tv/tv_season_detail_provider.dart
DA:10,0
DA:15,0
DA:18,0
DA:21,0
DA:23,0
DA:24,0
DA:25,0
DA:26,0
DA:27,0
DA:28,0
DA:29,0
DA:30,0
DA:31,0
DA:33,0
DA:34,0
DA:35,0
DA:36,0
LF:17
LH:0
end_of_record
SF:lib/presentation/widgets/card_season_detail_widget.dart
DA:19,0
DA:32,0
DA:34,0
DA:36,0
DA:37,0
DA:38,0
DA:39,0
DA:41,0
DA:44,0
DA:45,0
DA:46,0
DA:56,0
DA:61,0
DA:62,0
DA:63,0
DA:75,0
DA:76,0
DA:78,0
DA:87,0
DA:97,0
DA:99,0
DA:107,0
DA:109,0
DA:111,0
DA:112,0
DA:113,0
DA:114,0
DA:117,0
DA:122,0
DA:124,0
DA:133,0
DA:134,0
DA:135,0
DA:146,0
DA:147,0
DA:148,0
DA:156,0
DA:157,0
DA:158,0
DA:165,0
DA:167,0
DA:175,0
DA:176,0
DA:177,0
DA:182,0
DA:185,0
DA:188,0
DA:192,0
DA:193,0
DA:195,0
LF:50
LH:0
end_of_record
SF:lib/presentation/pages/tv/popular_tv_page.dart
DA:15,1
DA:17,1
DA:19,2
DA:20,1
DA:21,1
DA:23,1
DA:24,1
DA:25,1
DA:29,1
DA:30,1
DA:32,1
DA:34,3
DA:42,1
DA:43,1
DA:44,1
DA:45,1
DA:47,1
DA:48,1
DA:50,1
DA:54,1
DA:55,1
DA:57,1
DA:61,1
DA:70,1
DA:74,1
DA:82,1
DA:83,0
DA:84,0
DA:85,0
DA:86,0
DA:87,0
DA:88,0
DA:89,0
DA:90,0
DA:91,0
DA:94,0
LF:36
LH:26
end_of_record
SF:lib/presentation/provider/tv/popular_tv_provider.dart
DA:9,1
DA:12,2
DA:15,2
DA:18,2
DA:20,1
DA:21,1
DA:22,1
DA:24,2
DA:26,1
DA:27,1
DA:28,2
DA:29,1
DA:30,1
DA:32,1
DA:33,1
DA:34,1
DA:35,1
LF:17
LH:17
end_of_record
SF:lib/domain/usecases/tv/get_popular_tv.dart
DA:9,1
DA:11,1
DA:12,2
LF:3
LH:3
end_of_record
SF:lib/domain/usecases/movies/get_watchlist_movies.dart
DA:9,1
DA:11,1
DA:12,2
LF:3
LH:3
end_of_record
SF:lib/presentation/provider/movies/watchlist_movies_provider.dart
DA:8,2
DA:11,2
DA:14,2
DA:16,1
DA:20,1
DA:21,1
DA:22,1
DA:24,2
DA:25,1
DA:26,1
DA:27,1
DA:28,2
DA:29,1
DA:31,1
DA:32,1
DA:33,1
DA:34,1
LF:17
LH:17
end_of_record
SF:lib/domain/usecases/movies/get_now_playing_movies.dart
DA:9,1
DA:11,1
DA:12,2
LF:3
LH:3
end_of_record
SF:lib/presentation/provider/movies/movies_list_provider.dart
DA:10,2
DA:13,2
DA:16,2
DA:19,2
DA:22,2
DA:25,2
DA:28,2
DA:30,1
DA:40,1
DA:41,1
DA:42,1
DA:44,2
DA:45,1
DA:46,1
DA:47,1
DA:48,2
DA:49,1
DA:51,1
DA:52,1
DA:53,1
DA:54,1
DA:59,1
DA:60,1
DA:61,1
DA:63,2
DA:64,1
DA:65,1
DA:66,1
DA:67,2
DA:68,1
DA:70,1
DA:71,1
DA:72,1
DA:73,1
DA:78,1
DA:79,1
DA:80,1
DA:82,2
DA:83,1
DA:84,1
DA:85,1
DA:86,2
DA:87,1
DA:89,1
DA:90,1
DA:91,1
DA:92,1
LF:47
LH:47
end_of_record
SF:lib/domain/usecases/movies/search_movies.dart
DA:9,1
DA:11,1
DA:12,2
LF:3
LH:3
end_of_record
SF:lib/presentation/provider/movies/movies_search_provider.dart
DA:9,1
DA:12,2
DA:15,2
DA:18,2
DA:20,1
DA:21,1
DA:22,1
DA:24,2
DA:25,1
DA:26,1
DA:27,2
DA:28,1
DA:29,1
DA:31,1
DA:32,1
DA:33,1
DA:34,1
LF:17
LH:17
end_of_record
SF:lib/domain/usecases/tv/get_watchlist_tv.dart
DA:9,1
DA:11,1
DA:12,2
LF:3
LH:3
end_of_record
SF:lib/presentation/provider/tv/watchlist_tv_provider.dart
DA:8,2
DA:11,2
DA:14,2
DA:16,1
DA:20,1
DA:21,1
DA:22,1
DA:24,2
DA:25,1
DA:26,1
DA:27,1
DA:28,2
DA:29,1
DA:31,1
DA:32,1
DA:33,1
DA:34,1
LF:17
LH:17
end_of_record
SF:lib/domain/usecases/tv/get_on_the_air_tv.dart
DA:9,1
DA:11,1
DA:12,2
LF:3
LH:3
end_of_record
SF:lib/presentation/provider/tv/tv_list_provider.dart
DA:10,2
DA:13,2
DA:16,2
DA:19,2
DA:22,2
DA:25,2
DA:28,2
DA:30,1
DA:40,1
DA:41,1
DA:42,1
DA:44,2
DA:45,1
DA:46,1
DA:47,1
DA:48,2
DA:49,1
DA:51,1
DA:52,1
DA:53,1
DA:54,1
DA:59,1
DA:60,1
DA:61,1
DA:63,2
DA:64,1
DA:65,1
DA:66,1
DA:67,2
DA:68,1
DA:70,1
DA:71,1
DA:72,1
DA:73,1
DA:78,1
DA:79,1
DA:80,1
DA:82,2
DA:83,1
DA:84,1
DA:85,1
DA:86,2
DA:87,1
DA:89,1
DA:90,1
DA:91,1
DA:92,1
LF:47
LH:47
end_of_record
SF:lib/domain/usecases/tv/search_tv.dart
DA:9,1
DA:11,1
DA:12,2
LF:3
LH:3
end_of_record
SF:lib/presentation/provider/tv/tv_search_provider.dart
DA:9,1
DA:12,2
DA:15,2
DA:18,2
DA:20,1
DA:21,1
DA:22,1
DA:24,2
DA:25,1
DA:26,1
DA:27,2
DA:28,1
DA:29,1
DA:31,1
DA:32,1
DA:33,1
DA:34,1
LF:17
LH:17
end_of_record
