SF:lib/data/models/movies/movies_response.dart
DA:5,3
DA:11,4
DA:12,2
DA:13,8
DA:16,2
DA:17,5
DA:20,1
DA:21,2
LF:8
LH:8
end_of_record
SF:lib/data/models/movies/movies_result_model.dart
DA:5,5
DA:23,2
DA:24,2
DA:25,2
DA:26,2
DA:27,2
DA:28,2
DA:29,2
DA:30,2
DA:31,4
DA:34,2
DA:35,1
DA:36,1
DA:37,1
DA:38,1
DA:39,1
DA:40,1
DA:41,1
DA:44,2
DA:45,2
DA:46,2
DA:47,2
DA:48,2
DA:49,2
DA:50,2
DA:51,2
DA:55,2
DA:56,2
DA:57,2
DA:58,2
DA:59,2
DA:60,2
DA:61,2
DA:62,2
DA:63,2
LF:35
LH:35
end_of_record
SF:lib/domain/entities/movies/movies.dart
DA:4,19
DA:13,10
DA:29,8
DA:30,8
DA:31,8
DA:32,8
DA:33,8
DA:34,8
DA:35,8
DA:36,8
LF:10
LH:10
end_of_record
SF:lib/data/models/movies/movies_table.dart
DA:6,13
DA:20,4
DA:21,2
DA:22,2
DA:23,2
DA:24,4
DA:25,2
DA:28,2
DA:29,1
DA:30,1
DA:31,1
DA:32,1
DA:33,1
DA:36,2
DA:37,1
DA:38,1
DA:39,1
DA:40,1
DA:41,1
DA:44,2
DA:45,1
DA:46,1
DA:47,1
DA:48,1
DA:49,1
DA:52,3
DA:53,3
DA:54,3
DA:55,3
DA:56,3
DA:57,3
DA:58,3
LF:32
LH:32
end_of_record
SF:lib/domain/entities/movies/movies_detail.dart
DA:5,10
DA:25,2
DA:26,2
DA:27,2
DA:28,2
DA:29,2
DA:30,2
DA:31,2
DA:32,2
DA:33,2
DA:34,2
LF:11
LH:11
end_of_record
SF:lib/domain/entities/genre.dart
DA:4,23
DA:12,4
DA:13,12
LF:3
LH:3
end_of_record
SF:lib/data/models/genre_model.dart
DA:5,8
DA:13,8
DA:14,4
DA:15,4
DA:18,4
DA:19,2
DA:20,2
DA:23,2
DA:24,2
DA:25,2
DA:26,2
DA:30,4
DA:31,12
LF:13
LH:13
end_of_record
SF:lib/data/models/movies/movie_detail_response.dart
DA:6,4
DA:26,2
DA:27,2
DA:28,2
DA:29,8
DA:30,2
DA:31,2
DA:32,2
DA:33,2
DA:34,2
DA:35,2
DA:36,4
DA:39,2
DA:40,5
DA:41,1
DA:42,1
DA:43,1
DA:44,1
DA:45,1
DA:46,1
DA:47,1
DA:50,1
DA:51,1
DA:52,5
DA:53,1
DA:54,1
DA:55,1
DA:56,1
DA:57,1
DA:58,1
DA:59,1
DA:63,2
DA:64,2
DA:65,2
DA:66,2
DA:67,2
DA:68,2
DA:69,2
DA:70,2
DA:71,2
DA:72,2
LF:41
LH:41
end_of_record
SF:lib/data/models/tv/tv_result_model.dart
DA:5,5
DA:23,4
DA:24,2
DA:25,2
DA:26,2
DA:27,2
DA:28,2
DA:29,2
DA:30,4
DA:33,2
DA:34,1
DA:35,1
DA:36,1
DA:37,1
DA:38,1
DA:39,1
DA:40,1
DA:43,2
DA:44,2
DA:45,2
DA:46,2
DA:47,2
DA:48,2
DA:49,2
DA:50,2
DA:54,2
DA:55,2
DA:56,2
DA:57,2
DA:58,2
DA:59,2
DA:60,2
DA:61,2
DA:62,2
LF:34
LH:34
end_of_record
SF:lib/domain/entities/tv/tv.dart
DA:4,22
DA:13,13
DA:29,8
DA:30,8
DA:31,8
DA:32,8
DA:33,8
DA:34,8
DA:35,8
DA:36,8
LF:10
LH:10
end_of_record
SF:lib/data/models/tv/tv_detail_response.dart
DA:7,4
DA:29,2
DA:30,2
DA:31,2
DA:32,8
DA:33,2
DA:34,2
DA:35,2
DA:36,2
DA:37,8
DA:38,2
DA:39,4
DA:40,2
DA:41,8
DA:44,2
DA:45,5
DA:46,1
DA:47,1
DA:48,1
DA:49,1
DA:50,4
DA:51,1
DA:52,1
DA:53,5
DA:56,1
DA:57,1
DA:58,5
DA:59,1
DA:60,1
DA:61,1
DA:62,1
DA:63,1
DA:64,1
DA:65,1
DA:66,5
DA:70,2
DA:71,2
DA:72,2
DA:73,2
DA:74,2
DA:75,2
DA:76,2
DA:77,2
DA:78,2
DA:79,2
DA:80,2
LF:46
LH:46
end_of_record
SF:lib/data/models/tv/tv_season_model.dart
DA:5,4
DA:21,4
DA:22,2
DA:23,2
DA:24,2
DA:25,2
DA:26,2
DA:27,2
DA:30,2
DA:31,1
DA:32,1
DA:33,1
DA:34,1
DA:35,1
DA:36,1
DA:39,1
DA:40,1
DA:41,1
DA:42,1
DA:43,1
DA:44,1
DA:45,1
DA:46,1
DA:50,2
DA:51,2
DA:52,2
DA:53,2
DA:54,2
DA:55,2
DA:56,2
DA:57,2
LF:31
LH:31
end_of_record
SF:lib/domain/entities/tv/tv_detail.dart
DA:6,13
DA:28,2
DA:29,2
DA:30,2
DA:31,2
DA:32,2
DA:33,2
DA:34,2
DA:35,2
DA:36,2
DA:37,2
DA:38,2
LF:12
LH:12
end_of_record
SF:lib/domain/entities/tv/tv_season.dart
DA:4,13
DA:20,2
DA:21,2
DA:22,2
DA:23,2
DA:24,2
DA:25,2
DA:26,2
DA:27,2
LF:9
LH:9
end_of_record
SF:lib/data/models/tv/tv_response.dart
DA:5,3
DA:11,4
DA:12,2
DA:13,8
DA:16,2
DA:17,5
DA:20,1
DA:21,2
LF:8
LH:8
end_of_record
SF:lib/common/exception.dart
DA:6,4
LF:1
LH:1
end_of_record
SF:lib/data/datasources/movies/movies_local_data_source.dart
DA:15,1
DA:17,1
DA:20,2
DA:23,2
DA:27,1
DA:30,2
DA:33,2
DA:37,1
DA:39,2
DA:41,1
DA:47,1
DA:49,2
DA:50,4
LF:13
LH:13
end_of_record
SF:lib/common/failure.dart
DA:6,21
DA:8,2
DA:9,4
DA:13,19
DA:17,4
DA:21,6
LF:6
LH:6
end_of_record
SF:lib/data/datasources/db/db_helper.dart
DA:8,0
DA:12,0
DA:16,0
DA:17,0
DA:24,0
DA:25,0
DA:26,0
DA:28,0
DA:32,0
DA:33,0
DA:41,0
DA:43,0
DA:51,0
DA:54,0
DA:55,0
DA:56,0
DA:59,0
DA:60,0
DA:61,0
DA:64,0
DA:68,0
DA:69,0
DA:70,0
DA:73,0
DA:76,0
DA:77,0
DA:83,0
DA:84,0
DA:86,0
DA:91,0
DA:92,0
DA:93,0
DA:96,0
DA:97,0
DA:98,0
DA:101,0
DA:105,0
DA:106,0
DA:107,0
DA:110,0
DA:113,0
DA:114,0
DA:120,0
DA:121,0
DA:122,0
LF:45
LH:0
end_of_record
SF:lib/data/datasources/movies/movies_remote_data_source.dart
DA:21,1
DA:23,1
DA:26,4
DA:28,2
DA:29,4
DA:31,1
DA:35,1
DA:38,4
DA:40,2
DA:41,3
DA:43,1
DA:47,1
DA:49,1
DA:50,3
DA:52,2
DA:53,4
DA:55,1
DA:59,1
DA:62,4
DA:64,2
DA:65,4
DA:67,1
DA:71,1
DA:74,4
DA:76,2
DA:77,4
DA:79,1
DA:83,1
DA:85,1
DA:86,3
DA:88,2
DA:89,4
DA:91,1
LF:33
LH:33
end_of_record
SF:lib/data/models/tv/tv_table.dart
DA:6,14
DA:20,2
DA:21,1
DA:22,1
DA:23,1
DA:24,2
DA:25,1
DA:28,2
DA:29,1
DA:30,1
DA:31,1
DA:32,1
DA:33,1
DA:36,0
DA:37,0
DA:38,0
DA:39,0
DA:40,0
DA:41,0
DA:44,2
DA:45,1
DA:46,1
DA:47,1
DA:48,1
DA:49,1
DA:52,2
DA:53,2
DA:54,2
DA:55,2
DA:56,2
DA:57,2
DA:58,2
LF:32
LH:26
end_of_record
SF:lib/common/constants.dart
DA:31,21
DA:32,7
DA:35,7
DA:37,7
DA:40,7
DA:42,7
DA:46,7
DA:51,7
DA:55,7
DA:60,7
DA:65,7
DA:70,7
DA:75,7
DA:80,7
DA:85,7
DA:90,7
LF:16
LH:16
end_of_record
SF:lib/data/datasources/tv/tv_local_data_source.dart
DA:15,1
DA:17,1
DA:20,2
DA:23,2
DA:27,1
DA:30,2
DA:33,2
DA:37,1
DA:39,2
DA:41,1
DA:47,1
DA:49,2
DA:50,4
LF:13
LH:13
end_of_record
SF:lib/domain/entities/tv/tv_episode.dart
DA:4,12
DA:26,1
DA:27,1
DA:28,1
DA:29,1
DA:30,1
DA:31,1
DA:32,1
DA:33,1
DA:34,1
DA:35,1
DA:36,1
LF:12
LH:12
end_of_record
SF:lib/domain/entities/tv/tv_season_detail.dart
DA:5,12
DA:17,1
DA:18,1
DA:19,1
DA:20,1
DA:21,1
DA:22,1
LF:7
LH:7
end_of_record
SF:lib/data/datasources/tv/tv_remote_data_source.dart
DA:23,1
DA:25,1
DA:28,4
DA:30,2
DA:31,4
DA:33,1
DA:37,1
DA:39,4
DA:41,2
DA:42,3
DA:44,1
DA:48,1
DA:50,1
DA:51,3
DA:53,2
DA:54,4
DA:56,1
DA:60,1
DA:63,4
DA:65,2
DA:66,4
DA:68,1
DA:72,1
DA:75,4
DA:77,2
DA:78,4
DA:80,1
DA:84,1
DA:86,1
DA:87,3
DA:89,2
DA:90,4
DA:92,1
DA:96,1
DA:99,1
DA:100,3
DA:102,2
DA:103,3
DA:105,1
LF:39
LH:39
end_of_record
SF:lib/data/models/tv/tv_season_detail_response.dart
DA:6,1
DA:18,1
DA:19,1
DA:20,1
DA:21,1
DA:22,1
DA:23,1
DA:24,4
DA:27,0
DA:28,0
DA:29,0
DA:30,0
DA:31,0
DA:34,0
DA:35,0
DA:36,0
DA:37,0
DA:38,0
DA:39,0
DA:43,1
DA:44,1
DA:45,1
DA:46,1
DA:47,1
DA:48,1
LF:25
LH:14
end_of_record
SF:lib/data/models/tv/tv_episode_model.dart
DA:5,1
DA:27,2
DA:28,1
DA:29,1
DA:30,1
DA:31,1
DA:32,1
DA:33,1
DA:34,2
DA:35,1
DA:36,1
DA:39,0
DA:40,0
DA:41,0
DA:42,0
DA:43,0
DA:44,0
DA:45,0
DA:46,0
DA:47,0
DA:48,0
DA:51,0
DA:52,0
DA:53,0
DA:54,0
DA:55,0
DA:56,0
DA:57,0
DA:58,0
DA:59,0
DA:60,0
DA:61,0
DA:65,1
DA:66,1
DA:67,1
DA:68,1
DA:69,1
DA:70,1
DA:71,1
DA:72,1
DA:73,1
DA:74,1
DA:75,1
LF:43
LH:22
end_of_record
SF:lib/data/repositories/movies_repository_impl.dart
DA:16,1
DA:21,1
DA:24,2
DA:25,5
DA:26,1
DA:28,1
DA:33,1
DA:36,2
DA:37,2
DA:38,1
DA:40,1
DA:45,1
DA:48,2
DA:49,3
DA:50,1
DA:52,1
DA:57,1
DA:60,2
DA:61,5
DA:62,1
DA:64,1
DA:69,1
DA:72,2
DA:73,5
DA:74,1
DA:76,1
DA:81,1
DA:84,2
DA:85,5
DA:86,1
DA:88,1
DA:93,1
DA:96,1
DA:97,2
DA:98,1
DA:99,1
DA:100,3
DA:106,1
DA:110,1
DA:111,2
DA:112,1
DA:113,1
DA:114,3
DA:118,1
DA:120,2
DA:124,1
DA:126,2
DA:127,5
LF:48
LH:48
end_of_record
SF:lib/data/repositories/tv_repository_impl.dart
DA:17,1
DA:22,1
DA:25,2
DA:26,5
DA:27,1
DA:29,1
DA:34,1
DA:37,2
DA:38,2
DA:39,1
DA:41,1
DA:46,1
DA:49,2
DA:50,3
DA:51,1
DA:53,1
DA:58,1
DA:61,2
DA:62,5
DA:63,1
DA:65,1
DA:70,1
DA:73,2
DA:74,5
DA:75,1
DA:77,1
DA:82,1
DA:85,2
DA:86,5
DA:87,1
DA:89,1
DA:94,1
DA:98,3
DA:99,1
DA:100,1
DA:101,3
DA:107,1
DA:111,3
DA:112,1
DA:113,1
DA:114,3
DA:118,1
DA:120,2
DA:124,1
DA:126,2
DA:127,5
DA:130,0
DA:134,0
DA:135,0
DA:136,0
DA:138,0
LF:51
LH:46
end_of_record
SF:lib/domain/usecases/movies/get_now_playing_movies.dart
DA:9,1
DA:11,1
DA:12,2
LF:3
LH:3
end_of_record
SF:lib/presentation/bloc/movies/now_playing_movies/now_playing_movies_state.dart
DA:4,2
DA:6,1
DA:7,1
DA:17,2
DA:19,1
DA:20,2
DA:26,1
DA:28,1
DA:29,2
LF:9
LH:9
end_of_record
SF:lib/presentation/bloc/movies/now_playing_movies/now_playing_movies_bloc.dart
DA:13,1
DA:15,2
DA:16,2
DA:19,1
DA:23,2
DA:25,2
DA:27,1
DA:28,1
DA:29,3
DA:31,1
DA:32,2
LF:11
LH:11
end_of_record
SF:lib/presentation/bloc/movies/now_playing_movies/now_playing_movies_event.dart
DA:4,1
DA:6,0
DA:7,0
DA:11,0
DA:12,0
LF:5
LH:1
end_of_record
SF:lib/domain/usecases/movies/search_movies.dart
DA:9,1
DA:11,1
DA:12,2
LF:3
LH:3
end_of_record
SF:lib/presentation/bloc/movies/search_movies/search_movies_state.dart
DA:4,2
DA:6,1
DA:7,1
DA:17,2
DA:19,1
DA:20,2
DA:26,1
DA:28,1
DA:29,2
LF:9
LH:9
end_of_record
SF:lib/presentation/bloc/movies/search_movies/search_movies_event.dart
DA:4,1
DA:6,0
DA:7,0
DA:13,1
DA:15,0
DA:16,0
LF:6
LH:2
end_of_record
SF:lib/presentation/bloc/movies/search_movies/search_movies_bloc.dart
DA:12,1
DA:14,2
DA:15,2
DA:18,1
DA:22,2
DA:24,3
DA:26,1
DA:27,1
DA:28,3
DA:30,1
DA:31,2
LF:11
LH:11
end_of_record
SF:lib/domain/usecases/movies/get_movie_recommendations.dart
DA:9,1
DA:11,1
DA:12,2
LF:3
LH:3
end_of_record
SF:lib/presentation/bloc/movies/recommendation_movies/recommendation_movies_event.dart
DA:4,2
DA:6,0
DA:7,0
DA:13,2
DA:15,0
DA:16,0
LF:6
LH:2
end_of_record
SF:lib/presentation/bloc/movies/recommendation_movies/recommendation_movies_bloc.dart
DA:13,1
DA:15,2
DA:16,2
DA:18,1
DA:22,2
DA:25,3
DA:27,1
DA:28,1
DA:29,3
DA:31,1
DA:32,2
LF:11
LH:11
end_of_record
SF:lib/presentation/bloc/movies/recommendation_movies/recommendation_movies_state.dart
DA:4,3
DA:6,1
DA:7,1
DA:17,2
DA:19,1
DA:20,2
DA:26,2
DA:28,1
DA:29,2
LF:9
LH:9
end_of_record
SF:lib/domain/usecases/movies/get_top_rated_movies.dart
DA:9,1
DA:11,1
DA:12,2
LF:3
LH:3
end_of_record
SF:lib/presentation/bloc/movies/top_rated_movies/top_rated_movies_bloc.dart
DA:13,1
DA:15,2
DA:16,2
DA:19,1
DA:23,2
DA:25,2
DA:27,1
DA:28,1
DA:29,3
DA:31,1
DA:32,2
LF:11
LH:11
end_of_record
SF:lib/presentation/bloc/movies/top_rated_movies/top_rated_movies_event.dart
DA:4,2
DA:6,0
DA:7,0
DA:11,0
DA:12,0
LF:5
LH:1
end_of_record
SF:lib/presentation/bloc/movies/top_rated_movies/top_rated_movies_state.dart
DA:4,4
DA:6,1
DA:7,1
DA:17,3
DA:19,1
DA:20,2
DA:26,2
DA:28,1
DA:29,2
LF:9
LH:9
end_of_record
SF:lib/domain/usecases/movies/get_watchlist_movies.dart
DA:9,1
DA:11,1
DA:12,2
LF:3
LH:3
end_of_record
SF:lib/presentation/bloc/movies/watchlist_movies/watchlist_movies_bloc.dart
DA:13,1
DA:15,2
DA:16,2
DA:19,1
DA:23,2
DA:25,2
DA:27,1
DA:28,1
DA:29,3
DA:31,1
DA:32,2
LF:11
LH:11
end_of_record
SF:lib/presentation/bloc/movies/watchlist_movies/watchlist_movies_state.dart
DA:4,2
DA:6,1
DA:7,1
DA:17,2
DA:19,1
DA:20,2
DA:26,1
DA:28,1
DA:29,2
LF:9
LH:9
end_of_record
SF:lib/presentation/bloc/movies/watchlist_movies/watchlist_movies_event.dart
DA:4,1
DA:6,0
DA:7,0
DA:11,0
DA:12,0
LF:5
LH:1
end_of_record
SF:lib/domain/usecases/movies/get_popular_movies.dart
DA:9,1
DA:11,1
DA:12,2
LF:3
LH:3
end_of_record
SF:lib/presentation/bloc/movies/popular_movies/popular_movies_state.dart
DA:4,4
DA:6,1
DA:7,1
DA:17,3
DA:19,1
DA:20,2
DA:26,2
DA:28,1
DA:29,2
LF:9
LH:9
end_of_record
SF:lib/presentation/bloc/movies/popular_movies/popular_movies_bloc.dart
DA:12,1
DA:14,2
DA:15,2
DA:18,1
DA:22,2
DA:24,2
DA:26,1
DA:27,1
DA:28,3
DA:30,1
DA:31,2
LF:11
LH:11
end_of_record
SF:lib/presentation/bloc/movies/popular_movies/popular_movies_event.dart
DA:4,2
DA:6,0
DA:7,0
DA:11,0
DA:12,0
LF:5
LH:1
end_of_record
SF:lib/domain/usecases/movies/get_movie_detail.dart
DA:9,1
DA:11,1
DA:12,2
LF:3
LH:3
end_of_record
SF:lib/presentation/bloc/movies/detail_movies/detail_movies_state.dart
DA:4,4
DA:6,1
DA:7,1
DA:17,3
DA:19,1
DA:20,2
DA:26,3
DA:28,1
DA:29,2
LF:9
LH:9
end_of_record
SF:lib/presentation/bloc/movies/detail_movies/detail_movies_bloc.dart
DA:12,1
DA:14,2
DA:15,2
DA:18,1
DA:22,2
DA:24,3
DA:26,1
DA:27,1
DA:28,3
DA:30,1
DA:31,2
LF:11
LH:11
end_of_record
SF:lib/presentation/bloc/movies/detail_movies/detail_movies_event.dart
DA:4,2
DA:6,0
DA:7,0
DA:13,2
DA:15,0
DA:16,0
LF:6
LH:2
end_of_record
SF:lib/domain/usecases/movies/get_watchlist_status_movie.dart
DA:6,1
DA:8,1
DA:9,2
LF:3
LH:3
end_of_record
SF:lib/domain/usecases/movies/remove_watchlist_movie.dart
DA:9,1
DA:11,1
DA:12,2
LF:3
LH:3
end_of_record
SF:lib/domain/usecases/movies/save_watchlist_movie.dart
DA:9,1
DA:11,1
DA:12,2
LF:3
LH:3
end_of_record
SF:lib/presentation/bloc/movies/watchlist_status_movies/watchlist_status_movies_bloc.dart
DA:21,1
DA:25,2
DA:26,2
DA:27,2
DA:28,2
DA:31,1
DA:35,3
DA:36,2
DA:39,1
DA:43,3
DA:45,1
DA:46,0
DA:47,0
DA:49,1
DA:50,2
DA:54,1
DA:55,3
DA:60,1
DA:64,3
DA:66,1
DA:67,0
DA:68,0
DA:70,1
DA:71,2
DA:75,1
DA:76,3
LF:26
LH:22
end_of_record
SF:lib/presentation/bloc/movies/watchlist_status_movies/watchlist_status_movies_state.dart
DA:4,3
DA:6,0
DA:7,0
DA:15,0
DA:17,0
DA:18,0
DA:24,2
DA:26,1
DA:27,2
DA:33,2
DA:35,1
DA:36,2
DA:42,3
DA:44,1
DA:45,2
LF:15
LH:10
end_of_record
SF:lib/presentation/bloc/movies/watchlist_status_movies/watchlist_status_movies_event.dart
DA:4,3
DA:6,0
DA:7,0
DA:13,3
DA:15,0
DA:16,0
DA:22,1
DA:24,0
DA:25,0
DA:31,1
DA:33,0
DA:34,0
LF:12
LH:4
end_of_record
SF:lib/domain/usecases/tv/get_popular_tv.dart
DA:9,1
DA:11,1
DA:12,2
LF:3
LH:3
end_of_record
SF:lib/presentation/bloc/tv/popular_tv/popular_tv_state.dart
DA:4,4
DA:6,1
DA:7,1
DA:17,3
DA:19,1
DA:20,2
DA:26,2
DA:28,1
DA:29,2
LF:9
LH:9
end_of_record
SF:lib/presentation/bloc/tv/popular_tv/popular_tv_bloc.dart
DA:12,1
DA:14,2
DA:15,2
DA:18,1
DA:22,2
DA:24,2
DA:26,1
DA:27,1
DA:28,3
DA:30,1
DA:31,2
LF:11
LH:11
end_of_record
SF:lib/presentation/bloc/tv/popular_tv/popular_tv_event.dart
DA:4,2
DA:6,0
DA:7,0
DA:11,0
DA:12,0
LF:5
LH:1
end_of_record
SF:lib/domain/usecases/tv/get_on_the_air_tv.dart
DA:9,1
DA:11,1
DA:12,2
LF:3
LH:3
end_of_record
SF:lib/presentation/bloc/tv/on_the_air_tv/on_the_air_tv_state.dart
DA:4,2
DA:6,1
DA:7,1
DA:17,2
DA:19,1
DA:20,2
DA:26,1
DA:28,1
DA:29,2
LF:9
LH:9
end_of_record
SF:lib/presentation/bloc/tv/on_the_air_tv/on_the_air_tv_event.dart
DA:4,1
DA:6,0
DA:7,0
DA:11,0
DA:12,0
LF:5
LH:1
end_of_record
SF:lib/presentation/bloc/tv/on_the_air_tv/on_the_air_tv_bloc.dart
DA:12,1
DA:14,2
DA:15,2
DA:18,1
DA:22,2
DA:24,2
DA:26,1
DA:27,1
DA:28,3
DA:30,1
DA:31,2
LF:11
LH:11
end_of_record
SF:lib/domain/usecases/tv/get_top_rated_tv.dart
DA:9,1
DA:11,1
DA:12,2
LF:3
LH:3
end_of_record
SF:lib/presentation/bloc/tv/top_rated_tv/top_rated_tv_event.dart
DA:4,2
DA:6,0
DA:7,0
DA:11,0
DA:12,0
LF:5
LH:1
end_of_record
SF:lib/presentation/bloc/tv/top_rated_tv/top_rated_tv_bloc.dart
DA:12,1
DA:14,2
DA:15,2
DA:18,1
DA:22,2
DA:24,2
DA:26,1
DA:27,1
DA:28,3
DA:30,1
DA:31,2
LF:11
LH:11
end_of_record
SF:lib/presentation/bloc/tv/top_rated_tv/top_rated_tv_state.dart
DA:4,4
DA:6,1
DA:7,1
DA:17,3
DA:19,1
DA:20,2
DA:26,2
DA:28,1
DA:29,2
LF:9
LH:9
end_of_record
SF:lib/domain/usecases/tv/search_tv.dart
DA:9,1
DA:11,1
DA:12,2
LF:3
LH:3
end_of_record
SF:lib/presentation/bloc/tv/search_tv/search_tv_state.dart
DA:4,2
DA:6,1
DA:7,1
DA:17,2
DA:19,1
DA:20,2
DA:26,1
DA:28,1
DA:29,2
LF:9
LH:9
end_of_record
SF:lib/presentation/bloc/tv/search_tv/search_tv_bloc.dart
DA:12,1
DA:14,2
DA:15,2
DA:18,1
DA:22,2
DA:24,3
DA:26,1
DA:27,1
DA:28,3
DA:30,1
DA:31,2
LF:11
LH:11
end_of_record
SF:lib/presentation/bloc/tv/search_tv/search_tv_event.dart
DA:4,1
DA:6,0
DA:7,0
DA:13,1
DA:15,0
DA:16,0
LF:6
LH:2
end_of_record
SF:lib/domain/usecases/tv/get_tv_detail.dart
DA:9,1
DA:11,1
DA:12,2
LF:3
LH:3
end_of_record
SF:lib/presentation/bloc/tv/detail_tv/detail_tv_state.dart
DA:4,6
DA:6,1
DA:7,1
DA:17,4
DA:19,1
DA:20,2
DA:26,4
DA:28,1
DA:29,2
LF:9
LH:9
end_of_record
SF:lib/presentation/bloc/tv/detail_tv/detail_tv_event.dart
DA:4,3
DA:6,0
DA:7,0
DA:13,3
DA:15,0
DA:16,0
LF:6
LH:2
end_of_record
SF:lib/presentation/bloc/tv/detail_tv/detail_tv_bloc.dart
DA:12,1
DA:14,2
DA:15,2
DA:18,1
DA:22,2
DA:24,3
DA:26,1
DA:27,1
DA:28,3
DA:30,1
DA:31,2
LF:11
LH:11
end_of_record
SF:lib/domain/usecases/tv/get_watchlist_status_tv.dart
DA:6,1
DA:8,1
DA:9,2
LF:3
LH:3
end_of_record
SF:lib/domain/usecases/tv/remove_watchlist_tv.dart
DA:9,1
DA:11,1
DA:12,2
LF:3
LH:3
end_of_record
SF:lib/domain/usecases/tv/save_watchlist_tv.dart
DA:9,1
DA:11,1
DA:12,2
LF:3
LH:3
end_of_record
SF:lib/presentation/bloc/tv/watchlist_status_tv/watchlist_status_tv_state.dart
DA:4,4
DA:6,0
DA:7,0
DA:15,0
DA:17,0
DA:18,0
DA:24,2
DA:26,1
DA:27,2
DA:33,2
DA:35,1
DA:36,2
DA:42,4
DA:44,1
DA:45,2
LF:15
LH:10
end_of_record
SF:lib/presentation/bloc/tv/watchlist_status_tv/watchlist_status_tv_bloc.dart
DA:21,1
DA:25,2
DA:26,2
DA:27,2
DA:28,2
DA:31,1
DA:35,3
DA:36,2
DA:39,1
DA:43,3
DA:45,1
DA:46,0
DA:47,0
DA:49,1
DA:50,2
DA:54,1
DA:55,3
DA:60,1
DA:64,3
DA:66,1
DA:67,0
DA:68,0
DA:70,1
DA:71,2
DA:75,1
DA:76,3
LF:26
LH:22
end_of_record
SF:lib/presentation/bloc/tv/watchlist_status_tv/watchlist_status_tv_event.dart
DA:4,4
DA:6,0
DA:7,0
DA:13,4
DA:15,0
DA:16,0
DA:22,1
DA:24,0
DA:25,0
DA:31,1
DA:33,0
DA:34,0
LF:12
LH:4
end_of_record
SF:lib/domain/usecases/tv/get_tv_recommendations.dart
DA:9,1
DA:11,1
DA:12,2
LF:3
LH:3
end_of_record
SF:lib/presentation/bloc/tv/recommendation_tv/recommendation_tv_state.dart
DA:4,4
DA:6,1
DA:7,1
DA:17,2
DA:19,1
DA:20,2
DA:26,3
DA:28,1
DA:29,2
LF:9
LH:9
end_of_record
SF:lib/presentation/bloc/tv/recommendation_tv/recommendation_tv_event.dart
DA:4,3
DA:6,0
DA:7,0
DA:13,3
DA:15,0
DA:16,0
LF:6
LH:2
end_of_record
SF:lib/presentation/bloc/tv/recommendation_tv/recommendation_tv_bloc.dart
DA:13,1
DA:15,2
DA:16,2
DA:18,1
DA:22,2
DA:24,3
DA:26,1
DA:27,1
DA:28,3
DA:30,1
DA:31,2
LF:11
LH:11
end_of_record
SF:lib/domain/usecases/tv/get_watchlist_tv.dart
DA:9,1
DA:11,1
DA:12,2
LF:3
LH:3
end_of_record
SF:lib/presentation/bloc/tv/watchlist_tv/watchlist_tv_state.dart
DA:4,2
DA:6,1
DA:7,1
DA:17,2
DA:19,1
DA:20,2
DA:26,1
DA:28,1
DA:29,2
LF:9
LH:9
end_of_record
SF:lib/presentation/bloc/tv/watchlist_tv/watchlist_tv_bloc.dart
DA:12,1
DA:14,2
DA:15,2
DA:18,1
DA:22,2
DA:24,2
DA:26,1
DA:27,1
DA:28,3
DA:30,1
DA:31,2
LF:11
LH:11
end_of_record
SF:lib/presentation/bloc/tv/watchlist_tv/watchlist_tv_event.dart
DA:4,1
DA:6,0
DA:7,0
DA:11,0
DA:12,0
LF:5
LH:1
end_of_record
SF:lib/domain/usecases/tv/get_tv_season_detail.dart
DA:9,1
DA:11,1
DA:12,2
LF:3
LH:3
end_of_record
SF:lib/presentation/bloc/tv/season_detail_tv/season_detail_tv_event.dart
DA:4,1
DA:6,0
DA:7,0
DA:14,1
DA:16,0
DA:17,0
LF:6
LH:2
end_of_record
SF:lib/presentation/bloc/tv/season_detail_tv/season_detail_tv_state.dart
DA:4,2
DA:6,1
DA:7,1
DA:17,2
DA:19,1
DA:20,2
DA:26,2
DA:28,1
DA:29,2
LF:9
LH:9
end_of_record
SF:lib/presentation/bloc/tv/season_detail_tv/season_detail_tv_bloc.dart
DA:13,1
DA:15,2
DA:16,2
DA:19,1
DA:23,2
DA:26,4
DA:28,1
DA:29,1
DA:30,3
DA:32,1
DA:33,2
LF:11
LH:11
end_of_record
SF:lib/presentation/pages/movies/top_rated_movies_page.dart
DA:14,1
DA:16,1
DA:18,1
DA:19,4
DA:22,1
DA:23,1
DA:24,1
DA:28,1
DA:29,1
DA:31,1
DA:33,3
DA:41,1
DA:42,1
DA:43,1
DA:44,1
DA:45,1
DA:47,1
DA:51,1
DA:52,1
DA:54,1
DA:58,1
DA:67,1
DA:71,1
DA:79,1
DA:80,0
DA:81,0
DA:82,0
DA:83,0
DA:84,0
DA:85,0
DA:86,0
DA:87,0
DA:88,0
DA:91,0
LF:34
LH:24
end_of_record
SF:lib/common/show_duration.dart
DA:1,3
DA:2,3
DA:3,3
DA:5,3
DA:6,3
DA:8,0
LF:6
LH:5
end_of_record
SF:lib/presentation/pages/movies/movie_detail_page.dart
DA:24,1
DA:29,1
DA:31,1
DA:32,1
DA:33,2
DA:34,2
DA:36,2
DA:37,2
DA:39,2
DA:40,2
DA:45,1
DA:46,1
DA:47,1
DA:48,1
DA:49,1
DA:51,1
DA:55,1
DA:56,1
DA:58,1
DA:62,1
DA:72,1
DA:76,1
DA:77,1
DA:78,1
DA:79,1
DA:81,1
DA:82,1
DA:84,1
DA:85,2
DA:86,1
DA:90,1
DA:91,2
DA:92,1
DA:104,0
DA:105,0
DA:107,0
DA:115,0
DA:118,0
DA:119,0
DA:122,0
DA:124,0
DA:129,1
DA:143,1
DA:145,1
DA:146,1
DA:147,1
DA:148,3
DA:149,3
DA:156,1
DA:157,1
DA:158,3
DA:166,1
DA:167,2
DA:169,1
DA:179,1
DA:180,2
DA:181,3
DA:190,1
DA:192,1
DA:194,1
DA:195,1
DA:198,3
DA:199,1
DA:200,1
DA:201,1
DA:208,1
DA:209,1
DA:210,3
DA:215,1
DA:220,1
DA:222,3
DA:230,2
DA:231,1
DA:232,1
DA:237,3
DA:240,3
DA:243,3
DA:251,1
DA:255,1
DA:256,1
DA:261,1
DA:262,1
DA:264,1
DA:266,1
DA:267,1
DA:269,1
DA:271,3
DA:280,1
DA:281,1
DA:282,1
DA:283,1
DA:285,1
DA:289,0
DA:290,0
DA:292,0
DA:295,0
DA:307,1
DA:311,1
DA:312,0
DA:314,0
DA:316,0
DA:317,0
DA:318,0
DA:320,0
DA:321,0
DA:322,0
DA:323,0
DA:325,0
DA:326,0
DA:327,0
DA:328,0
DA:329,0
DA:330,0
DA:331,0
DA:332,0
DA:335,0
DA:340,0
DA:346,1
DA:347,1
DA:350,1
DA:351,0
DA:352,0
DA:354,1
DA:355,1
DA:369,1
DA:373,2
DA:374,1
DA:375,2
DA:377,1
DA:380,1
DA:381,0
DA:382,0
DA:383,0
DA:385,0
DA:386,0
DA:388,0
DA:389,0
DA:391,0
DA:393,0
DA:400,0
DA:402,0
DA:403,0
DA:404,0
DA:406,0
DA:416,0
DA:417,0
DA:419,0
DA:420,0
DA:422,0
DA:423,0
DA:425,0
DA:427,0
DA:434,0
DA:436,0
DA:437,0
DA:438,0
DA:440,0
DA:450,1
DA:454,1
DA:455,0
DA:456,0
DA:457,0
DA:462,1
DA:463,1
DA:474,1
DA:476,0
DA:477,0
DA:478,0
DA:483,1
DA:484,1
LF:170
LH:104
end_of_record
SF:lib/presentation/widgets/card_recommendation_widget.dart
DA:13,0
DA:23,0
DA:25,0
DA:26,0
DA:27,0
DA:28,0
DA:29,0
DA:30,0
DA:33,0
DA:34,0
DA:37,0
DA:41,0
DA:42,0
DA:43,0
DA:55,0
DA:56,0
DA:58,0
DA:67,0
DA:70,0
DA:71,0
DA:74,0
DA:76,0
DA:84,0
DA:86,0
DA:88,0
DA:89,0
DA:90,0
DA:91,0
DA:101,0
DA:102,0
DA:103,0
LF:31
LH:0
end_of_record
SF:lib/presentation/widgets/data_not_available_widget.dart
DA:5,11
DA:7,3
DA:9,3
DA:10,3
DA:12,9
LF:5
LH:5
end_of_record
SF:lib/presentation/widgets/error_custom_widget.dart
DA:7,7
DA:12,7
DA:14,7
DA:15,7
DA:16,7
DA:17,21
LF:6
LH:6
end_of_record
SF:lib/presentation/widgets/loading_custom_widget.dart
DA:5,25
DA:7,7
LF:2
LH:2
end_of_record
SF:lib/presentation/widgets/card_grid_widget.dart
DA:14,0
DA:24,0
DA:26,0
DA:27,0
DA:28,0
DA:30,0
DA:31,0
DA:34,0
DA:36,0
DA:38,0
DA:39,0
DA:40,0
DA:43,0
DA:44,0
DA:47,0
DA:51,0
DA:52,0
DA:53,0
DA:65,0
DA:66,0
DA:68,0
DA:77,0
DA:80,0
DA:81,0
DA:84,0
DA:86,0
DA:94,0
DA:95,0
DA:96,0
DA:106,0
DA:107,0
DA:108,0
DA:115,0
DA:116,0
DA:117,0
DA:120,0
DA:125,0
DA:127,0
DA:136,0
DA:137,0
DA:138,0
LF:41
LH:0
end_of_record
SF:lib/presentation/pages/movies/popular_movies_page.dart
DA:14,1
DA:16,1
DA:18,1
DA:19,4
DA:22,1
DA:23,1
DA:24,1
DA:28,1
DA:29,1
DA:31,1
DA:33,3
DA:41,1
DA:42,1
DA:43,1
DA:44,1
DA:45,1
DA:46,1
DA:52,1
DA:53,1
DA:54,1
DA:60,1
DA:69,1
DA:73,1
DA:81,1
DA:82,0
DA:83,0
DA:84,0
DA:85,0
DA:86,0
DA:87,0
DA:88,0
DA:89,0
DA:90,0
DA:93,0
LF:34
LH:24
end_of_record
SF:lib/presentation/pages/tv/tv_detail_page.dart
DA:26,2
DA:31,2
DA:33,2
DA:34,2
DA:35,4
DA:36,4
DA:38,4
DA:39,4
DA:41,4
DA:42,4
DA:47,2
DA:48,2
DA:49,2
DA:50,2
DA:51,2
DA:53,2
DA:57,2
DA:58,2
DA:60,2
DA:64,2
DA:74,2
DA:78,2
DA:79,2
DA:80,2
DA:81,2
DA:83,2
DA:84,2
DA:86,2
DA:87,4
DA:88,2
DA:92,2
DA:93,4
DA:94,2
DA:106,0
DA:107,0
DA:109,0
DA:117,0
DA:120,0
DA:121,0
DA:124,0
DA:126,0
DA:131,2
DA:145,2
DA:147,2
DA:148,2
DA:149,2
DA:150,6
DA:151,6
DA:158,2
DA:159,2
DA:160,6
DA:168,2
DA:169,4
DA:171,2
DA:181,2
DA:182,6
DA:183,4
DA:185,6
DA:194,2
DA:196,2
DA:198,2
DA:199,2
DA:202,6
DA:203,2
DA:204,2
DA:205,2
DA:212,2
DA:213,2
DA:214,6
DA:219,2
DA:224,2
DA:226,6
DA:234,4
DA:235,2
DA:236,2
DA:241,6
DA:244,6
DA:247,6
DA:255,2
DA:256,2
DA:260,2
DA:261,2
DA:266,2
DA:270,2
DA:272,2
DA:274,2
DA:275,2
DA:277,2
DA:279,6
DA:288,2
DA:297,2
DA:301,4
DA:302,2
DA:304,2
DA:306,6
DA:307,4
DA:308,4
DA:310,2
DA:311,2
DA:312,2
DA:313,4
DA:315,2
DA:316,2
DA:317,2
DA:318,2
DA:319,2
DA:320,2
DA:321,2
DA:322,0
DA:323,0
DA:326,0
DA:327,0
DA:328,0
DA:329,0
DA:335,2
DA:341,2
DA:342,2
DA:344,2
DA:346,2
DA:347,2
DA:349,2
DA:351,6
DA:360,2
DA:361,2
DA:362,2
DA:363,2
DA:365,2
DA:369,0
DA:370,0
DA:371,0
DA:375,0
DA:387,2
DA:391,2
DA:392,0
DA:394,0
DA:396,0
DA:397,0
DA:398,0
DA:400,0
DA:401,0
DA:402,0
DA:403,0
DA:405,0
DA:406,0
DA:407,0
DA:408,0
DA:409,0
DA:410,0
DA:411,0
DA:412,0
DA:415,0
DA:420,0
DA:426,2
DA:427,2
DA:430,2
DA:431,0
DA:432,0
DA:434,2
DA:435,2
DA:449,2
DA:453,4
DA:454,2
DA:455,4
DA:457,2
DA:460,2
DA:461,0
DA:462,0
DA:463,0
DA:465,0
DA:466,0
DA:467,0
DA:468,0
DA:470,0
DA:472,0
DA:479,0
DA:481,0
DA:482,0
DA:483,0
DA:485,0
DA:495,0
DA:496,0
DA:498,0
DA:499,0
DA:500,0
DA:501,0
DA:503,0
DA:505,0
DA:512,0
DA:514,0
DA:515,0
DA:516,0
DA:518,0
DA:528,2
DA:532,2
DA:533,0
DA:534,0
DA:535,0
DA:540,2
DA:541,2
DA:552,2
DA:554,0
DA:555,0
DA:556,0
DA:561,2
DA:562,2
LF:205
LH:133
end_of_record
SF:lib/presentation/pages/tv/tv_season_detail_page.dart
DA:15,0
DA:27,0
DA:32,0
DA:34,0
DA:35,0
DA:36,0
DA:37,0
DA:41,0
DA:42,0
DA:43,0
DA:47,0
DA:48,0
DA:50,0
DA:51,0
DA:52,0
DA:60,0
DA:61,0
DA:62,0
DA:63,0
DA:64,0
DA:66,0
DA:70,0
DA:71,0
DA:73,0
DA:77,0
DA:86,0
DA:90,0
DA:92,0
DA:93,0
DA:94,0
DA:95,0
DA:96,0
DA:97,0
DA:98,0
DA:99,0
DA:100,0
DA:101,0
DA:102,0
DA:103,0
LF:39
LH:0
end_of_record
SF:lib/presentation/widgets/card_season_widget.dart
DA:14,2
DA:25,2
DA:27,2
DA:28,2
DA:29,2
DA:30,2
DA:31,2
DA:32,2
DA:34,2
DA:35,2
DA:36,4
DA:37,2
DA:47,2
DA:52,2
DA:53,4
DA:54,2
DA:66,0
DA:67,0
DA:69,0
DA:78,0
DA:88,0
DA:90,0
DA:98,2
DA:100,2
DA:102,2
DA:103,2
DA:104,2
DA:105,6
DA:115,2
DA:116,6
DA:117,6
DA:124,2
DA:125,4
DA:126,6
LF:34
LH:28
end_of_record
SF:lib/presentation/widgets/card_season_detail_widget.dart
DA:19,0
DA:32,0
DA:34,0
DA:36,0
DA:37,0
DA:38,0
DA:39,0
DA:41,0
DA:44,0
DA:45,0
DA:46,0
DA:56,0
DA:61,0
DA:62,0
DA:63,0
DA:75,0
DA:76,0
DA:78,0
DA:87,0
DA:97,0
DA:99,0
DA:107,0
DA:109,0
DA:111,0
DA:112,0
DA:113,0
DA:114,0
DA:117,0
DA:122,0
DA:124,0
DA:133,0
DA:134,0
DA:135,0
DA:146,0
DA:147,0
DA:148,0
DA:156,0
DA:157,0
DA:158,0
DA:165,0
DA:167,0
DA:175,0
DA:176,0
DA:177,0
DA:182,0
DA:185,0
DA:188,0
DA:192,0
DA:193,0
DA:195,0
LF:50
LH:0
end_of_record
SF:lib/presentation/pages/tv/top_rated_tv_page.dart
DA:14,1
DA:16,1
DA:18,1
DA:19,4
DA:22,1
DA:23,1
DA:24,1
DA:28,1
DA:29,1
DA:31,1
DA:33,3
DA:41,1
DA:42,1
DA:43,1
DA:44,1
DA:45,1
DA:47,1
DA:51,1
DA:52,1
DA:54,1
DA:58,1
DA:67,1
DA:71,1
DA:79,1
DA:80,0
DA:81,0
DA:82,0
DA:83,0
DA:84,0
DA:85,0
DA:86,0
DA:87,0
DA:88,0
DA:91,0
LF:34
LH:24
end_of_record
SF:lib/presentation/pages/tv/popular_tv_page.dart
DA:14,1
DA:16,1
DA:18,1
DA:19,4
DA:22,1
DA:23,1
DA:24,1
DA:28,1
DA:29,1
DA:31,1
DA:33,3
DA:41,1
DA:42,1
DA:43,1
DA:44,1
DA:45,1
DA:47,1
DA:51,1
DA:52,1
DA:54,1
DA:58,1
DA:67,1
DA:71,1
DA:79,1
DA:80,0
DA:81,0
DA:82,0
DA:83,0
DA:84,0
DA:85,0
DA:86,0
DA:87,0
DA:88,0
DA:91,0
LF:34
LH:24
end_of_record
